<?xml version="1.0" encoding="UTF-8"?>
<!-- Generated by org.testng.reporters.JUnitReportReporter -->
<testsuite hostname="EPBYMINW0918" name="by.epam.tests.YandexMailTest" tests="1" failures="0" timestamp="19 May 2015 15:05:00 GMT" time="16.993" errors="0">
  <testcase name="testYandexMailBox" time="16.993" classname="by.epam.tests.YandexMailTest"/>
</testsuite> <!-- by.epam.tests.YandexMailTest -->
